2020-01-11 11:22:46,420: INFO     - Real Temp: 47.68
2020-01-11 11:22:46,420: INFO     - TimeofDay and Conditions Adjust(day, partly-cloudy-day): 5
2020-01-11 11:22:46,421: INFO     - Wind Adjust (heavy_wind): -9
2020-01-11 11:22:46,421: INFO     - Intensity Adjust (easy): 0
2020-01-11 11:22:46,421: INFO     - Feel Adjust (inbetween): 0
2020-01-11 11:22:46,421: INFO     - Gender Adjust (man): 0
2020-01-11 11:22:46,448: INFO     - Real Temp: 47.68
2020-01-11 11:22:46,450: INFO     - TimeofDay and Conditions Adjust(day, partly-cloudy-day): 5
2020-01-11 11:22:46,453: INFO     - Wind Adjust (heavy_wind): -9
2020-01-11 11:22:46,457: INFO     - Intensity Adjust (long_run): -8
2020-01-11 11:22:46,457: INFO     - Feel Adjust (inbetween): 0
2020-01-11 11:22:46,458: INFO     - Gender Adjust (man): 0
2020-01-11 11:22:46,463: INFO     - Real Temp: 47.68
2020-01-11 11:22:46,464: INFO     - TimeofDay and Conditions Adjust(day, partly-cloudy-day): 5
2020-01-11 11:22:46,464: INFO     - Wind Adjust (heavy_wind): -9
2020-01-11 11:22:46,465: INFO     - Intensity Adjust (race): 15
2020-01-11 11:22:46,465: INFO     - Feel Adjust (inbetween): 0
2020-01-11 11:22:46,465: INFO     - Gender Adjust (man): 0
2020-01-11 11:22:46,471: INFO     - Real Temp: 47.68
2020-01-11 11:22:46,471: INFO     - TimeofDay and Conditions Adjust(day, partly-cloudy-day): 5
2020-01-11 11:22:46,471: INFO     - Wind Adjust (heavy_wind): -9
2020-01-11 11:22:46,472: INFO     - Intensity Adjust (hard_workout): 8
2020-01-11 11:22:46,472: INFO     - Feel Adjust (inbetween): 0
2020-01-11 11:22:46,472: INFO     - Gender Adjust (man): 0
2020-01-11 11:22:46,480: INFO     - Real Temp: 47.68
2020-01-11 11:22:46,481: INFO     - TimeofDay and Conditions Adjust(day, partly-cloudy-day): 5
2020-01-11 11:22:46,481: INFO     - Wind Adjust (heavy_wind): -9
2020-01-11 11:22:46,481: INFO     - Intensity Adjust (easy): 0
2020-01-11 11:22:46,482: INFO     - Feel Adjust (inbetween): 0
2020-01-11 11:22:46,482: INFO     - Gender Adjust (woman): 0
2020-01-11 11:22:46,489: INFO     - Real Temp: 47.68
2020-01-11 11:22:46,490: INFO     - TimeofDay and Conditions Adjust(day, partly-cloudy-day): 5
2020-01-11 11:22:46,490: INFO     - Wind Adjust (heavy_wind): -9
2020-01-11 11:22:46,490: INFO     - Intensity Adjust (long_run): -8
2020-01-11 11:22:46,491: INFO     - Feel Adjust (inbetween): 0
2020-01-11 11:22:46,491: INFO     - Gender Adjust (woman): 0
2020-01-11 11:22:46,499: INFO     - Real Temp: 47.68
2020-01-11 11:22:46,499: INFO     - TimeofDay and Conditions Adjust(day, partly-cloudy-day): 5
2020-01-11 11:22:46,500: INFO     - Wind Adjust (heavy_wind): -9
2020-01-11 11:22:46,500: INFO     - Intensity Adjust (race): 15
2020-01-11 11:22:46,501: INFO     - Feel Adjust (inbetween): 0
2020-01-11 11:22:46,501: INFO     - Gender Adjust (woman): 0
2020-01-11 11:22:46,508: INFO     - Real Temp: 47.68
2020-01-11 11:22:46,509: INFO     - TimeofDay and Conditions Adjust(day, partly-cloudy-day): 5
2020-01-11 11:22:46,509: INFO     - Wind Adjust (heavy_wind): -9
2020-01-11 11:22:46,510: INFO     - Intensity Adjust (hard_workout): 8
2020-01-11 11:22:46,510: INFO     - Feel Adjust (inbetween): 0
2020-01-11 11:22:46,510: INFO     - Gender Adjust (woman): 0
